2016/03/05 14:48:11 [error] [php] Undefined index: fee_options (C:\xampp\htdocs\school\protected\modules\school\controllers\StudentsController.php:134)
Stack trace:
#0 C:\xampp\htdocs\school\framework\web\actions\CInlineAction.php(47): CInlineAction->runWithParamsInternal()
#1 C:\xampp\htdocs\school\framework\web\CController.php(308): CInlineAction->runWithParams()
#2 C:\xampp\htdocs\school\framework\web\filters\CFilterChain.php(133): StudentsController->runAction()
#3 C:\xampp\htdocs\school\framework\web\filters\CFilter.php(40): CFilterChain->run()
#4 C:\xampp\htdocs\school\framework\web\CController.php(1145): CAccessControlFilter->filter()
#5 C:\xampp\htdocs\school\framework\web\filters\CInlineFilter.php(58): StudentsController->filterAccessControl()
#6 C:\xampp\htdocs\school\framework\web\filters\CFilterChain.php(130): CInlineFilter->filter()
#7 C:\xampp\htdocs\school\framework\web\CController.php(291): CFilterChain->run()
#8 C:\xampp\htdocs\school\framework\web\CController.php(265): StudentsController->runActionWithFilters()
#9 C:\xampp\htdocs\school\framework\web\CWebApplication.php(282): StudentsController->run()
#10 C:\xampp\htdocs\school\framework\web\CWebApplication.php(141): CWebApplication->runController()
#11 C:\xampp\htdocs\school\framework\base\CApplication.php(184): CWebApplication->processRequest()
#12 C:\xampp\htdocs\school\index.php(13): CWebApplication->run()
REQUEST_URI=/school/index.php/school/students/feeoptions?id=e3ef95a7-dc3c-f904-d2f0-56da5d96f10d
in C:\xampp\htdocs\school\protected\modules\school\controllers\StudentsController.php (134)
in C:\xampp\htdocs\school\index.php (13)
2016/03/05 14:50:57 [error] [php] Undefined variable: fee_structure (C:\xampp\htdocs\school\protected\modules\school\views\students\_form.php:110)
Stack trace:
#0 C:\xampp\htdocs\school\framework\web\CController.php(869): StudentsController->renderFile()
#1 C:\xampp\htdocs\school\protected\modules\school\views\students\create.php(19): StudentsController->renderPartial()
#2 C:\xampp\htdocs\school\framework\web\CBaseController.php(126): require()
#3 C:\xampp\htdocs\school\framework\web\CBaseController.php(95): StudentsController->renderInternal()
#4 C:\xampp\htdocs\school\framework\web\CController.php(869): StudentsController->renderFile()
#5 C:\xampp\htdocs\school\framework\web\CController.php(782): StudentsController->renderPartial()
#6 C:\xampp\htdocs\school\protected\modules\school\controllers\StudentsController.php(84): StudentsController->render()
#7 C:\xampp\htdocs\school\framework\web\actions\CInlineAction.php(49): StudentsController->actionCreate()
#8 C:\xampp\htdocs\school\framework\web\CController.php(308): CInlineAction->runWithParams()
#9 C:\xampp\htdocs\school\framework\web\filters\CFilterChain.php(133): StudentsController->runAction()
#10 C:\xampp\htdocs\school\framework\web\filters\CFilter.php(40): CFilterChain->run()
#11 C:\xampp\htdocs\school\framework\web\CController.php(1145): CAccessControlFilter->filter()
#12 C:\xampp\htdocs\school\framework\web\filters\CInlineFilter.php(58): StudentsController->filterAccessControl()
#13 C:\xampp\htdocs\school\framework\web\filters\CFilterChain.php(130): CInlineFilter->filter()
#14 C:\xampp\htdocs\school\framework\web\CController.php(291): CFilterChain->run()
#15 C:\xampp\htdocs\school\framework\web\CController.php(265): StudentsController->runActionWithFilters()
#16 C:\xampp\htdocs\school\framework\web\CWebApplication.php(282): StudentsController->run()
#17 C:\xampp\htdocs\school\framework\web\CWebApplication.php(141): CWebApplication->runController()
#18 C:\xampp\htdocs\school\framework\base\CApplication.php(184): CWebApplication->processRequest()
#19 C:\xampp\htdocs\school\index.php(13): CWebApplication->run()
REQUEST_URI=/school/school/students/create
in C:\xampp\htdocs\school\protected\modules\school\views\students\_form.php (110)
in C:\xampp\htdocs\school\protected\modules\school\views\students\create.php (19)
in C:\xampp\htdocs\school\protected\modules\school\controllers\StudentsController.php (84)
2016/03/05 15:22:55 [error] [php] Undefined variable: fee_structure (C:\xampp\htdocs\school\protected\modules\school\views\students\_form.php:114)
Stack trace:
#0 C:\xampp\htdocs\school\framework\web\CController.php(869): StudentsController->renderFile()
#1 C:\xampp\htdocs\school\protected\modules\school\views\students\create.php(19): StudentsController->renderPartial()
#2 C:\xampp\htdocs\school\framework\web\CBaseController.php(126): require()
#3 C:\xampp\htdocs\school\framework\web\CBaseController.php(95): StudentsController->renderInternal()
#4 C:\xampp\htdocs\school\framework\web\CController.php(869): StudentsController->renderFile()
#5 C:\xampp\htdocs\school\framework\web\CController.php(782): StudentsController->renderPartial()
#6 C:\xampp\htdocs\school\protected\modules\school\controllers\StudentsController.php(79): StudentsController->render()
#7 C:\xampp\htdocs\school\framework\web\actions\CInlineAction.php(49): StudentsController->actionCreate()
#8 C:\xampp\htdocs\school\framework\web\CController.php(308): CInlineAction->runWithParams()
#9 C:\xampp\htdocs\school\framework\web\filters\CFilterChain.php(133): StudentsController->runAction()
#10 C:\xampp\htdocs\school\framework\web\filters\CFilter.php(40): CFilterChain->run()
#11 C:\xampp\htdocs\school\framework\web\CController.php(1145): CAccessControlFilter->filter()
#12 C:\xampp\htdocs\school\framework\web\filters\CInlineFilter.php(58): StudentsController->filterAccessControl()
#13 C:\xampp\htdocs\school\framework\web\filters\CFilterChain.php(130): CInlineFilter->filter()
#14 C:\xampp\htdocs\school\framework\web\CController.php(291): CFilterChain->run()
#15 C:\xampp\htdocs\school\framework\web\CController.php(265): StudentsController->runActionWithFilters()
#16 C:\xampp\htdocs\school\framework\web\CWebApplication.php(282): StudentsController->run()
#17 C:\xampp\htdocs\school\framework\web\CWebApplication.php(141): CWebApplication->runController()
#18 C:\xampp\htdocs\school\framework\base\CApplication.php(184): CWebApplication->processRequest()
#19 C:\xampp\htdocs\school\index.php(13): CWebApplication->run()
REQUEST_URI=/school/school/students/create
in C:\xampp\htdocs\school\protected\modules\school\views\students\_form.php (114)
in C:\xampp\htdocs\school\protected\modules\school\views\students\create.php (19)
in C:\xampp\htdocs\school\protected\modules\school\controllers\StudentsController.php (79)
2016/03/05 15:28:51 [error] [php] Undefined variable: fee_structure (C:\xampp\htdocs\school\protected\modules\school\views\students\_form.php:143)
Stack trace:
#0 C:\xampp\htdocs\school\framework\web\CController.php(869): StudentsController->renderFile()
#1 C:\xampp\htdocs\school\protected\modules\school\views\students\create.php(19): StudentsController->renderPartial()
#2 C:\xampp\htdocs\school\framework\web\CBaseController.php(126): require()
#3 C:\xampp\htdocs\school\framework\web\CBaseController.php(95): StudentsController->renderInternal()
#4 C:\xampp\htdocs\school\framework\web\CController.php(869): StudentsController->renderFile()
#5 C:\xampp\htdocs\school\framework\web\CController.php(782): StudentsController->renderPartial()
#6 C:\xampp\htdocs\school\protected\modules\school\controllers\StudentsController.php(79): StudentsController->render()
#7 C:\xampp\htdocs\school\framework\web\actions\CInlineAction.php(49): StudentsController->actionCreate()
#8 C:\xampp\htdocs\school\framework\web\CController.php(308): CInlineAction->runWithParams()
#9 C:\xampp\htdocs\school\framework\web\filters\CFilterChain.php(133): StudentsController->runAction()
#10 C:\xampp\htdocs\school\framework\web\filters\CFilter.php(40): CFilterChain->run()
#11 C:\xampp\htdocs\school\framework\web\CController.php(1145): CAccessControlFilter->filter()
#12 C:\xampp\htdocs\school\framework\web\filters\CInlineFilter.php(58): StudentsController->filterAccessControl()
#13 C:\xampp\htdocs\school\framework\web\filters\CFilterChain.php(130): CInlineFilter->filter()
#14 C:\xampp\htdocs\school\framework\web\CController.php(291): CFilterChain->run()
#15 C:\xampp\htdocs\school\framework\web\CController.php(265): StudentsController->runActionWithFilters()
#16 C:\xampp\htdocs\school\framework\web\CWebApplication.php(282): StudentsController->run()
#17 C:\xampp\htdocs\school\framework\web\CWebApplication.php(141): CWebApplication->runController()
#18 C:\xampp\htdocs\school\framework\base\CApplication.php(184): CWebApplication->processRequest()
#19 C:\xampp\htdocs\school\index.php(13): CWebApplication->run()
REQUEST_URI=/school/school/students/create
in C:\xampp\htdocs\school\protected\modules\school\views\students\_form.php (143)
in C:\xampp\htdocs\school\protected\modules\school\views\students\create.php (19)
in C:\xampp\htdocs\school\protected\modules\school\controllers\StudentsController.php (79)
2016/03/06 03:28:03 [error] [exception.CHttpException.403] exception 'CHttpException' with message 'You are not authorized to perform this action.' in C:\xampp\htdocs\school\framework\web\auth\CAccessControlFilter.php:182
Stack trace:
#0 C:\xampp\htdocs\school\framework\web\auth\CAccessControlFilter.php(145): CAccessControlFilter->accessDenied(Object(CWebUser), 'You are not aut...')
#1 C:\xampp\htdocs\school\framework\web\filters\CFilter.php(38): CAccessControlFilter->preFilter(Object(CFilterChain))
#2 C:\xampp\htdocs\school\framework\web\CController.php(1145): CFilter->filter(Object(CFilterChain))
#3 C:\xampp\htdocs\school\framework\web\filters\CInlineFilter.php(58): CController->filterAccessControl(Object(CFilterChain))
#4 C:\xampp\htdocs\school\framework\web\filters\CFilterChain.php(130): CInlineFilter->filter(Object(CFilterChain))
#5 C:\xampp\htdocs\school\framework\web\CController.php(291): CFilterChain->run()
#6 C:\xampp\htdocs\school\framework\web\CController.php(265): CController->runActionWithFilters(Object(CInlineAction), Array)
#7 C:\xampp\htdocs\school\framework\web\CWebApplication.php(282): CController->run('extrafee')
#8 C:\xampp\htdocs\school\framework\web\CWebApplication.php(141): CWebApplication->runController('school/students...')
#9 C:\xampp\htdocs\school\framework\base\CApplication.php(184): CWebApplication->processRequest()
#10 C:\xampp\htdocs\school\index.php(13): CApplication->run()
#11 {main}
REQUEST_URI=/school/index.php/school/students/extrafee?id=e3ef95a7-dc3c-f904-d2f0-56da5d96f10d
HTTP_REFERER=http://localhost/school/index.php/school/students/update?id=e3ef95a7-dc3c-f904-d2f0-56da5d96f10d
---
2016/03/06 04:44:37 [error] [exception.CHttpException.403] exception 'CHttpException' with message 'You are not authorized to perform this action.' in C:\xampp\htdocs\school\framework\web\auth\CAccessControlFilter.php:182
Stack trace:
#0 C:\xampp\htdocs\school\framework\web\auth\CAccessControlFilter.php(145): CAccessControlFilter->accessDenied(Object(CWebUser), 'You are not aut...')
#1 C:\xampp\htdocs\school\framework\web\filters\CFilter.php(38): CAccessControlFilter->preFilter(Object(CFilterChain))
#2 C:\xampp\htdocs\school\framework\web\CController.php(1145): CFilter->filter(Object(CFilterChain))
#3 C:\xampp\htdocs\school\framework\web\filters\CInlineFilter.php(58): CController->filterAccessControl(Object(CFilterChain))
#4 C:\xampp\htdocs\school\framework\web\filters\CFilterChain.php(130): CInlineFilter->filter(Object(CFilterChain))
#5 C:\xampp\htdocs\school\framework\web\CController.php(291): CFilterChain->run()
#6 C:\xampp\htdocs\school\framework\web\CController.php(265): CController->runActionWithFilters(Object(CInlineAction), Array)
#7 C:\xampp\htdocs\school\framework\web\CWebApplication.php(282): CController->run('removefee')
#8 C:\xampp\htdocs\school\framework\web\CWebApplication.php(141): CWebApplication->runController('school/students...')
#9 C:\xampp\htdocs\school\framework\base\CApplication.php(184): CWebApplication->processRequest()
#10 C:\xampp\htdocs\school\index.php(13): CApplication->run()
#11 {main}
REQUEST_URI=/school/school/students/removefee
HTTP_REFERER=http://localhost/school/index.php/school/students/update?id=e3ef95a7-dc3c-f904-d2f0-56da5d96f10d
---
2016/03/06 04:45:34 [error] [php] Undefined index: id (C:\xampp\htdocs\school\protected\modules\school\controllers\StudentsController.php:152)
Stack trace:
#0 C:\xampp\htdocs\school\framework\web\filters\CFilterChain.php(133): StudentsController->runAction()
#1 C:\xampp\htdocs\school\framework\web\filters\CFilter.php(40): CFilterChain->run()
#2 C:\xampp\htdocs\school\framework\web\CController.php(1145): CAccessControlFilter->filter()
#3 C:\xampp\htdocs\school\framework\web\filters\CInlineFilter.php(58): StudentsController->filterAccessControl()
#4 C:\xampp\htdocs\school\framework\web\filters\CFilterChain.php(130): CInlineFilter->filter()
#5 C:\xampp\htdocs\school\framework\web\CController.php(291): CFilterChain->run()
#6 C:\xampp\htdocs\school\framework\web\CController.php(265): StudentsController->runActionWithFilters()
#7 C:\xampp\htdocs\school\framework\web\CWebApplication.php(282): StudentsController->run()
#8 C:\xampp\htdocs\school\framework\web\CWebApplication.php(141): CWebApplication->runController()
#9 C:\xampp\htdocs\school\framework\base\CApplication.php(184): CWebApplication->processRequest()
#10 C:\xampp\htdocs\school\index.php(13): CWebApplication->run()
REQUEST_URI=/school/school/students/removefee
in C:\xampp\htdocs\school\protected\modules\school\controllers\StudentsController.php (152)
in C:\xampp\htdocs\school\index.php (13)
2016/03/06 04:45:51 [error] [php] Undefined index: id (C:\xampp\htdocs\school\protected\modules\school\controllers\StudentsController.php:152)
Stack trace:
#0 C:\xampp\htdocs\school\framework\web\filters\CFilterChain.php(133): StudentsController->runAction()
#1 C:\xampp\htdocs\school\framework\web\filters\CFilter.php(40): CFilterChain->run()
#2 C:\xampp\htdocs\school\framework\web\CController.php(1145): CAccessControlFilter->filter()
#3 C:\xampp\htdocs\school\framework\web\filters\CInlineFilter.php(58): StudentsController->filterAccessControl()
#4 C:\xampp\htdocs\school\framework\web\filters\CFilterChain.php(130): CInlineFilter->filter()
#5 C:\xampp\htdocs\school\framework\web\CController.php(291): CFilterChain->run()
#6 C:\xampp\htdocs\school\framework\web\CController.php(265): StudentsController->runActionWithFilters()
#7 C:\xampp\htdocs\school\framework\web\CWebApplication.php(282): StudentsController->run()
#8 C:\xampp\htdocs\school\framework\web\CWebApplication.php(141): CWebApplication->runController()
#9 C:\xampp\htdocs\school\framework\base\CApplication.php(184): CWebApplication->processRequest()
#10 C:\xampp\htdocs\school\index.php(13): CWebApplication->run()
REQUEST_URI=/school/school/students/removefee
in C:\xampp\htdocs\school\protected\modules\school\controllers\StudentsController.php (152)
in C:\xampp\htdocs\school\index.php (13)
2016/03/06 04:46:00 [error] [php] Undefined index: id (C:\xampp\htdocs\school\protected\modules\school\controllers\StudentsController.php:152)
Stack trace:
#0 C:\xampp\htdocs\school\framework\web\filters\CFilterChain.php(133): StudentsController->runAction()
#1 C:\xampp\htdocs\school\framework\web\filters\CFilter.php(40): CFilterChain->run()
#2 C:\xampp\htdocs\school\framework\web\CController.php(1145): CAccessControlFilter->filter()
#3 C:\xampp\htdocs\school\framework\web\filters\CInlineFilter.php(58): StudentsController->filterAccessControl()
#4 C:\xampp\htdocs\school\framework\web\filters\CFilterChain.php(130): CInlineFilter->filter()
#5 C:\xampp\htdocs\school\framework\web\CController.php(291): CFilterChain->run()
#6 C:\xampp\htdocs\school\framework\web\CController.php(265): StudentsController->runActionWithFilters()
#7 C:\xampp\htdocs\school\framework\web\CWebApplication.php(282): StudentsController->run()
#8 C:\xampp\htdocs\school\framework\web\CWebApplication.php(141): CWebApplication->runController()
#9 C:\xampp\htdocs\school\framework\base\CApplication.php(184): CWebApplication->processRequest()
#10 C:\xampp\htdocs\school\index.php(13): CWebApplication->run()
REQUEST_URI=/school/school/students/removefee
in C:\xampp\htdocs\school\protected\modules\school\controllers\StudentsController.php (152)
in C:\xampp\htdocs\school\index.php (13)
2016/03/06 04:46:25 [error] [php] Undefined index: id (C:\xampp\htdocs\school\protected\modules\school\controllers\StudentsController.php:152)
Stack trace:
#0 C:\xampp\htdocs\school\framework\web\filters\CFilterChain.php(133): StudentsController->runAction()
#1 C:\xampp\htdocs\school\framework\web\filters\CFilter.php(40): CFilterChain->run()
#2 C:\xampp\htdocs\school\framework\web\CController.php(1145): CAccessControlFilter->filter()
#3 C:\xampp\htdocs\school\framework\web\filters\CInlineFilter.php(58): StudentsController->filterAccessControl()
#4 C:\xampp\htdocs\school\framework\web\filters\CFilterChain.php(130): CInlineFilter->filter()
#5 C:\xampp\htdocs\school\framework\web\CController.php(291): CFilterChain->run()
#6 C:\xampp\htdocs\school\framework\web\CController.php(265): StudentsController->runActionWithFilters()
#7 C:\xampp\htdocs\school\framework\web\CWebApplication.php(282): StudentsController->run()
#8 C:\xampp\htdocs\school\framework\web\CWebApplication.php(141): CWebApplication->runController()
#9 C:\xampp\htdocs\school\framework\base\CApplication.php(184): CWebApplication->processRequest()
#10 C:\xampp\htdocs\school\index.php(13): CWebApplication->run()
REQUEST_URI=/school/school/students/removefee
in C:\xampp\htdocs\school\protected\modules\school\controllers\StudentsController.php (152)
in C:\xampp\htdocs\school\index.php (13)
