2016/02/29 21:08:03 [trace] [system.db.CDbConnection] Opening DB connection
in C:\xampp\htdocs\school\protected\modules\school\controllers\StudentsController.php (62)
in C:\xampp\htdocs\school\index.php (13)
2016/02/29 21:08:03 [trace] [system.db.CDbCommand] Querying SQL: SHOW FULL COLUMNS FROM `students`
in C:\xampp\htdocs\school\protected\modules\school\controllers\StudentsController.php (62)
in C:\xampp\htdocs\school\index.php (13)
2016/02/29 21:08:03 [trace] [system.db.CDbCommand] Querying SQL: SHOW CREATE TABLE `students`
in C:\xampp\htdocs\school\protected\modules\school\controllers\StudentsController.php (62)
in C:\xampp\htdocs\school\index.php (13)
2016/02/29 21:08:03 [trace] [system.db.CDbCommand] Querying SQL: SHOW FULL COLUMNS FROM `sections`
in C:\xampp\htdocs\school\protected\models\BaseModel.php (79)
in C:\xampp\htdocs\school\protected\modules\school\controllers\StudentsController.php (64)
in C:\xampp\htdocs\school\index.php (13)
2016/02/29 21:08:03 [trace] [system.db.CDbCommand] Querying SQL: SHOW CREATE TABLE `sections`
in C:\xampp\htdocs\school\protected\models\BaseModel.php (79)
in C:\xampp\htdocs\school\protected\modules\school\controllers\StudentsController.php (64)
in C:\xampp\htdocs\school\index.php (13)
2016/02/29 21:08:03 [trace] [system.db.ar.CActiveRecord] Sections.findAll()
in C:\xampp\htdocs\school\protected\models\BaseModel.php (87)
in C:\xampp\htdocs\school\protected\modules\school\controllers\StudentsController.php (64)
in C:\xampp\htdocs\school\index.php (13)
2016/02/29 21:08:03 [trace] [system.db.CDbCommand] Querying SQL: SELECT * FROM `sections` `t` WHERE school = 'baff96fe-c797-11e5-b399-3c07717072c4' AND status =  1 AND deleted = 0
in C:\xampp\htdocs\school\protected\models\BaseModel.php (87)
in C:\xampp\htdocs\school\protected\modules\school\controllers\StudentsController.php (64)
in C:\xampp\htdocs\school\index.php (13)
2016/02/29 21:08:03 [trace] [system.db.CDbCommand] Querying SQL: SHOW FULL COLUMNS FROM `classes`
in C:\xampp\htdocs\school\protected\models\BaseModel.php (79)
in C:\xampp\htdocs\school\protected\modules\school\controllers\StudentsController.php (65)
in C:\xampp\htdocs\school\index.php (13)
2016/02/29 21:08:03 [trace] [system.db.CDbCommand] Querying SQL: SHOW CREATE TABLE `classes`
in C:\xampp\htdocs\school\protected\models\BaseModel.php (79)
in C:\xampp\htdocs\school\protected\modules\school\controllers\StudentsController.php (65)
in C:\xampp\htdocs\school\index.php (13)
2016/02/29 21:08:03 [trace] [system.db.ar.CActiveRecord] Classes.findAll()
in C:\xampp\htdocs\school\protected\models\BaseModel.php (87)
in C:\xampp\htdocs\school\protected\modules\school\controllers\StudentsController.php (65)
in C:\xampp\htdocs\school\index.php (13)
2016/02/29 21:08:03 [trace] [system.db.CDbCommand] Querying SQL: SELECT * FROM `classes` `t` WHERE school = 'baff96fe-c797-11e5-b399-3c07717072c4' AND status =  1 AND deleted = 0
in C:\xampp\htdocs\school\protected\models\BaseModel.php (87)
in C:\xampp\htdocs\school\protected\modules\school\controllers\StudentsController.php (65)
in C:\xampp\htdocs\school\index.php (13)
2016/02/29 21:08:03 [trace] [system.db.CDbCommand] Querying SQL: SHOW FULL COLUMNS FROM `states`
in C:\xampp\htdocs\school\protected\models\BaseModel.php (79)
in C:\xampp\htdocs\school\protected\modules\school\controllers\StudentsController.php (66)
in C:\xampp\htdocs\school\index.php (13)
2016/02/29 21:08:03 [trace] [system.db.CDbCommand] Querying SQL: SHOW CREATE TABLE `states`
in C:\xampp\htdocs\school\protected\models\BaseModel.php (79)
in C:\xampp\htdocs\school\protected\modules\school\controllers\StudentsController.php (66)
in C:\xampp\htdocs\school\index.php (13)
2016/02/29 21:08:03 [trace] [system.db.ar.CActiveRecord] States.findAll()
in C:\xampp\htdocs\school\protected\models\BaseModel.php (89)
in C:\xampp\htdocs\school\protected\modules\school\controllers\StudentsController.php (66)
in C:\xampp\htdocs\school\index.php (13)
2016/02/29 21:08:03 [trace] [system.db.CDbCommand] Querying SQL: SELECT * FROM `states` `t` WHERE status =  1 AND deleted = 0
in C:\xampp\htdocs\school\protected\models\BaseModel.php (89)
in C:\xampp\htdocs\school\protected\modules\school\controllers\StudentsController.php (66)
in C:\xampp\htdocs\school\index.php (13)
2016/02/29 21:08:03 [trace] [system.db.ar.CActiveRecord] Users.findByPk()
in C:\xampp\htdocs\school\themes\admin\views\layouts\school_main.php (67)
in C:\xampp\htdocs\school\themes\admin\views\layouts\school_column2.php (4)
in C:\xampp\htdocs\school\protected\modules\school\controllers\StudentsController.php (84)
2016/02/29 21:08:03 [trace] [system.db.CDbCommand] Querying SQL: SHOW FULL COLUMNS FROM `users`
in C:\xampp\htdocs\school\themes\admin\views\layouts\school_main.php (67)
in C:\xampp\htdocs\school\themes\admin\views\layouts\school_column2.php (4)
in C:\xampp\htdocs\school\protected\modules\school\controllers\StudentsController.php (84)
2016/02/29 21:08:03 [trace] [system.db.CDbCommand] Querying SQL: SHOW CREATE TABLE `users`
in C:\xampp\htdocs\school\themes\admin\views\layouts\school_main.php (67)
in C:\xampp\htdocs\school\themes\admin\views\layouts\school_column2.php (4)
in C:\xampp\htdocs\school\protected\modules\school\controllers\StudentsController.php (84)
2016/02/29 21:08:03 [trace] [system.db.CDbCommand] Querying SQL: SELECT * FROM `users` `t` WHERE `t`.`id`='fb90b76a-ce8f-11e5-9093-3c07717072c4' LIMIT 1
in C:\xampp\htdocs\school\themes\admin\views\layouts\school_main.php (67)
in C:\xampp\htdocs\school\themes\admin\views\layouts\school_column2.php (4)
in C:\xampp\htdocs\school\protected\modules\school\controllers\StudentsController.php (84)
2016/02/29 21:09:19 [trace] [system.db.CDbConnection] Opening DB connection
in C:\xampp\htdocs\school\protected\modules\school\controllers\StudentsController.php (62)
in C:\xampp\htdocs\school\index.php (13)
2016/02/29 21:09:19 [trace] [system.db.CDbCommand] Querying SQL: SHOW FULL COLUMNS FROM `students`
in C:\xampp\htdocs\school\protected\modules\school\controllers\StudentsController.php (62)
in C:\xampp\htdocs\school\index.php (13)
2016/02/29 21:09:19 [trace] [system.db.CDbCommand] Querying SQL: SHOW CREATE TABLE `students`
in C:\xampp\htdocs\school\protected\modules\school\controllers\StudentsController.php (62)
in C:\xampp\htdocs\school\index.php (13)
2016/02/29 21:09:19 [trace] [system.db.CDbCommand] Querying SQL: SHOW FULL COLUMNS FROM `sections`
in C:\xampp\htdocs\school\protected\models\BaseModel.php (79)
in C:\xampp\htdocs\school\protected\modules\school\controllers\StudentsController.php (64)
in C:\xampp\htdocs\school\index.php (13)
2016/02/29 21:09:19 [trace] [system.db.CDbCommand] Querying SQL: SHOW CREATE TABLE `sections`
in C:\xampp\htdocs\school\protected\models\BaseModel.php (79)
in C:\xampp\htdocs\school\protected\modules\school\controllers\StudentsController.php (64)
in C:\xampp\htdocs\school\index.php (13)
2016/02/29 21:09:19 [trace] [system.db.ar.CActiveRecord] Sections.findAll()
in C:\xampp\htdocs\school\protected\models\BaseModel.php (87)
in C:\xampp\htdocs\school\protected\modules\school\controllers\StudentsController.php (64)
in C:\xampp\htdocs\school\index.php (13)
2016/02/29 21:09:19 [trace] [system.db.CDbCommand] Querying SQL: SELECT * FROM `sections` `t` WHERE school = 'baff96fe-c797-11e5-b399-3c07717072c4' AND status =  1 AND deleted = 0
in C:\xampp\htdocs\school\protected\models\BaseModel.php (87)
in C:\xampp\htdocs\school\protected\modules\school\controllers\StudentsController.php (64)
in C:\xampp\htdocs\school\index.php (13)
2016/02/29 21:09:19 [trace] [system.db.CDbCommand] Querying SQL: SHOW FULL COLUMNS FROM `classes`
in C:\xampp\htdocs\school\protected\models\BaseModel.php (79)
in C:\xampp\htdocs\school\protected\modules\school\controllers\StudentsController.php (65)
in C:\xampp\htdocs\school\index.php (13)
2016/02/29 21:09:19 [trace] [system.db.CDbCommand] Querying SQL: SHOW CREATE TABLE `classes`
in C:\xampp\htdocs\school\protected\models\BaseModel.php (79)
in C:\xampp\htdocs\school\protected\modules\school\controllers\StudentsController.php (65)
in C:\xampp\htdocs\school\index.php (13)
2016/02/29 21:09:19 [trace] [system.db.ar.CActiveRecord] Classes.findAll()
in C:\xampp\htdocs\school\protected\models\BaseModel.php (87)
in C:\xampp\htdocs\school\protected\modules\school\controllers\StudentsController.php (65)
in C:\xampp\htdocs\school\index.php (13)
2016/02/29 21:09:19 [trace] [system.db.CDbCommand] Querying SQL: SELECT * FROM `classes` `t` WHERE school = 'baff96fe-c797-11e5-b399-3c07717072c4' AND status =  1 AND deleted = 0
in C:\xampp\htdocs\school\protected\models\BaseModel.php (87)
in C:\xampp\htdocs\school\protected\modules\school\controllers\StudentsController.php (65)
in C:\xampp\htdocs\school\index.php (13)
2016/02/29 21:09:19 [trace] [system.db.CDbCommand] Querying SQL: SHOW FULL COLUMNS FROM `states`
in C:\xampp\htdocs\school\protected\models\BaseModel.php (79)
in C:\xampp\htdocs\school\protected\modules\school\controllers\StudentsController.php (66)
in C:\xampp\htdocs\school\index.php (13)
2016/02/29 21:09:19 [trace] [system.db.CDbCommand] Querying SQL: SHOW CREATE TABLE `states`
in C:\xampp\htdocs\school\protected\models\BaseModel.php (79)
in C:\xampp\htdocs\school\protected\modules\school\controllers\StudentsController.php (66)
in C:\xampp\htdocs\school\index.php (13)
2016/02/29 21:09:19 [trace] [system.db.ar.CActiveRecord] States.findAll()
in C:\xampp\htdocs\school\protected\models\BaseModel.php (89)
in C:\xampp\htdocs\school\protected\modules\school\controllers\StudentsController.php (66)
in C:\xampp\htdocs\school\index.php (13)
2016/02/29 21:09:19 [trace] [system.db.CDbCommand] Querying SQL: SELECT * FROM `states` `t` WHERE status =  1 AND deleted = 0
in C:\xampp\htdocs\school\protected\models\BaseModel.php (89)
in C:\xampp\htdocs\school\protected\modules\school\controllers\StudentsController.php (66)
in C:\xampp\htdocs\school\index.php (13)
2016/02/29 21:09:19 [trace] [system.db.ar.CActiveRecord] Users.findByPk()
in C:\xampp\htdocs\school\themes\admin\views\layouts\school_main.php (67)
in C:\xampp\htdocs\school\themes\admin\views\layouts\school_column2.php (4)
in C:\xampp\htdocs\school\protected\modules\school\controllers\StudentsController.php (84)
2016/02/29 21:09:19 [trace] [system.db.CDbCommand] Querying SQL: SHOW FULL COLUMNS FROM `users`
in C:\xampp\htdocs\school\themes\admin\views\layouts\school_main.php (67)
in C:\xampp\htdocs\school\themes\admin\views\layouts\school_column2.php (4)
in C:\xampp\htdocs\school\protected\modules\school\controllers\StudentsController.php (84)
2016/02/29 21:09:19 [trace] [system.db.CDbCommand] Querying SQL: SHOW CREATE TABLE `users`
in C:\xampp\htdocs\school\themes\admin\views\layouts\school_main.php (67)
in C:\xampp\htdocs\school\themes\admin\views\layouts\school_column2.php (4)
in C:\xampp\htdocs\school\protected\modules\school\controllers\StudentsController.php (84)
2016/02/29 21:09:19 [trace] [system.db.CDbCommand] Querying SQL: SELECT * FROM `users` `t` WHERE `t`.`id`='fb90b76a-ce8f-11e5-9093-3c07717072c4' LIMIT 1
in C:\xampp\htdocs\school\themes\admin\views\layouts\school_main.php (67)
in C:\xampp\htdocs\school\themes\admin\views\layouts\school_column2.php (4)
in C:\xampp\htdocs\school\protected\modules\school\controllers\StudentsController.php (84)
2016/02/29 21:09:23 [trace] [system.db.CDbConnection] Opening DB connection
in C:\xampp\htdocs\school\protected\modules\school\controllers\FeelabelController.php (129)
in C:\xampp\htdocs\school\index.php (13)
2016/02/29 21:09:23 [trace] [system.db.CDbCommand] Querying SQL: SHOW FULL COLUMNS FROM `fee_label`
in C:\xampp\htdocs\school\protected\modules\school\controllers\FeelabelController.php (129)
in C:\xampp\htdocs\school\index.php (13)
2016/02/29 21:09:23 [trace] [system.db.CDbCommand] Querying SQL: SHOW CREATE TABLE `fee_label`
in C:\xampp\htdocs\school\protected\modules\school\controllers\FeelabelController.php (129)
in C:\xampp\htdocs\school\index.php (13)
2016/02/29 21:09:23 [trace] [system.db.ar.CActiveRecord] FeeLabel.count()
in C:\xampp\htdocs\school\protected\modules\school\views\feeLabel\admin.php (65)
in C:\xampp\htdocs\school\protected\modules\school\controllers\FeelabelController.php (136)
in C:\xampp\htdocs\school\index.php (13)
2016/02/29 21:09:23 [trace] [system.db.CDbCommand] Querying SQL: SELECT COUNT(*) FROM `fee_label` `t` WHERE school_id LIKE :ycp0
in C:\xampp\htdocs\school\protected\modules\school\views\feeLabel\admin.php (65)
in C:\xampp\htdocs\school\protected\modules\school\controllers\FeelabelController.php (136)
in C:\xampp\htdocs\school\index.php (13)
2016/02/29 21:09:23 [trace] [system.db.ar.CActiveRecord] FeeLabel.findAll()
in C:\xampp\htdocs\school\protected\modules\school\views\feeLabel\admin.php (65)
in C:\xampp\htdocs\school\protected\modules\school\controllers\FeelabelController.php (136)
in C:\xampp\htdocs\school\index.php (13)
2016/02/29 21:09:23 [trace] [system.db.CDbCommand] Querying SQL: SELECT * FROM `fee_label` `t` WHERE school_id LIKE :ycp0 LIMIT 10
in C:\xampp\htdocs\school\protected\modules\school\views\feeLabel\admin.php (65)
in C:\xampp\htdocs\school\protected\modules\school\controllers\FeelabelController.php (136)
in C:\xampp\htdocs\school\index.php (13)
2016/02/29 21:09:23 [trace] [system.db.ar.CActiveRecord] Users.findByPk()
in C:\xampp\htdocs\school\themes\admin\views\layouts\school_main.php (67)
in C:\xampp\htdocs\school\themes\admin\views\layouts\school_column2.php (4)
in C:\xampp\htdocs\school\protected\modules\school\controllers\FeelabelController.php (136)
2016/02/29 21:09:23 [trace] [system.db.CDbCommand] Querying SQL: SHOW FULL COLUMNS FROM `users`
in C:\xampp\htdocs\school\themes\admin\views\layouts\school_main.php (67)
in C:\xampp\htdocs\school\themes\admin\views\layouts\school_column2.php (4)
in C:\xampp\htdocs\school\protected\modules\school\controllers\FeelabelController.php (136)
2016/02/29 21:09:23 [trace] [system.db.CDbCommand] Querying SQL: SHOW CREATE TABLE `users`
in C:\xampp\htdocs\school\themes\admin\views\layouts\school_main.php (67)
in C:\xampp\htdocs\school\themes\admin\views\layouts\school_column2.php (4)
in C:\xampp\htdocs\school\protected\modules\school\controllers\FeelabelController.php (136)
2016/02/29 21:09:23 [trace] [system.db.CDbCommand] Querying SQL: SELECT * FROM `users` `t` WHERE `t`.`id`='fb90b76a-ce8f-11e5-9093-3c07717072c4' LIMIT 1
in C:\xampp\htdocs\school\themes\admin\views\layouts\school_main.php (67)
in C:\xampp\htdocs\school\themes\admin\views\layouts\school_column2.php (4)
in C:\xampp\htdocs\school\protected\modules\school\controllers\FeelabelController.php (136)
2016/02/29 21:09:26 [trace] [system.db.CDbConnection] Opening DB connection
in C:\xampp\htdocs\school\protected\modules\school\controllers\FeelabelController.php (65)
in C:\xampp\htdocs\school\index.php (13)
2016/02/29 21:09:26 [trace] [system.db.CDbCommand] Querying SQL: SHOW FULL COLUMNS FROM `fee_label`
in C:\xampp\htdocs\school\protected\modules\school\controllers\FeelabelController.php (65)
in C:\xampp\htdocs\school\index.php (13)
2016/02/29 21:09:26 [trace] [system.db.CDbCommand] Querying SQL: SHOW CREATE TABLE `fee_label`
in C:\xampp\htdocs\school\protected\modules\school\controllers\FeelabelController.php (65)
in C:\xampp\htdocs\school\index.php (13)
2016/02/29 21:09:26 [trace] [system.db.ar.CActiveRecord] Users.findByPk()
in C:\xampp\htdocs\school\themes\admin\views\layouts\school_main.php (67)
in C:\xampp\htdocs\school\themes\admin\views\layouts\school_column2.php (4)
in C:\xampp\htdocs\school\protected\modules\school\controllers\FeelabelController.php (80)
2016/02/29 21:09:26 [trace] [system.db.CDbCommand] Querying SQL: SHOW FULL COLUMNS FROM `users`
in C:\xampp\htdocs\school\themes\admin\views\layouts\school_main.php (67)
in C:\xampp\htdocs\school\themes\admin\views\layouts\school_column2.php (4)
in C:\xampp\htdocs\school\protected\modules\school\controllers\FeelabelController.php (80)
2016/02/29 21:09:26 [trace] [system.db.CDbCommand] Querying SQL: SHOW CREATE TABLE `users`
in C:\xampp\htdocs\school\themes\admin\views\layouts\school_main.php (67)
in C:\xampp\htdocs\school\themes\admin\views\layouts\school_column2.php (4)
in C:\xampp\htdocs\school\protected\modules\school\controllers\FeelabelController.php (80)
2016/02/29 21:09:26 [trace] [system.db.CDbCommand] Querying SQL: SELECT * FROM `users` `t` WHERE `t`.`id`='fb90b76a-ce8f-11e5-9093-3c07717072c4' LIMIT 1
in C:\xampp\htdocs\school\themes\admin\views\layouts\school_main.php (67)
in C:\xampp\htdocs\school\themes\admin\views\layouts\school_column2.php (4)
in C:\xampp\htdocs\school\protected\modules\school\controllers\FeelabelController.php (80)
2016/02/29 21:09:35 [trace] [system.db.CDbConnection] Opening DB connection
in C:\xampp\htdocs\school\protected\modules\school\controllers\FeelabelController.php (65)
in C:\xampp\htdocs\school\index.php (13)
2016/02/29 21:09:35 [trace] [system.db.CDbCommand] Querying SQL: SHOW FULL COLUMNS FROM `fee_label`
in C:\xampp\htdocs\school\protected\modules\school\controllers\FeelabelController.php (65)
in C:\xampp\htdocs\school\index.php (13)
2016/02/29 21:09:35 [trace] [system.db.CDbCommand] Querying SQL: SHOW CREATE TABLE `fee_label`
in C:\xampp\htdocs\school\protected\modules\school\controllers\FeelabelController.php (65)
in C:\xampp\htdocs\school\index.php (13)
2016/02/29 21:09:35 [trace] [system.db.ar.CActiveRecord] FeeLabel.insert()
in C:\xampp\htdocs\school\protected\modules\school\controllers\FeelabelController.php (74)
in C:\xampp\htdocs\school\index.php (13)
2016/02/29 21:09:35 [trace] [system.db.CDbCommand] Executing SQL: INSERT INTO `fee_label` (`status`, `deleted`, `fee_label`, `school_id`, `id`, `date_entered`, `created_by`, `modified_by`, `date_modified`) VALUES (:yp0, :yp1, :yp2, :yp3, :yp4, :yp5, :yp6, :yp7, :yp8)
in C:\xampp\htdocs\school\protected\modules\school\controllers\FeelabelController.php (74)
in C:\xampp\htdocs\school\index.php (13)
2016/02/29 21:09:35 [trace] [system.db.ar.CActiveRecord] FeeLabel.findByPk()
in C:\xampp\htdocs\school\protected\modules\school\controllers\FeelabelController.php (147)
in C:\xampp\htdocs\school\protected\modules\school\controllers\FeelabelController.php (56)
in C:\xampp\htdocs\school\index.php (13)
2016/02/29 21:09:35 [trace] [system.db.CDbConnection] Opening DB connection
in C:\xampp\htdocs\school\protected\modules\school\controllers\FeelabelController.php (147)
in C:\xampp\htdocs\school\protected\modules\school\controllers\FeelabelController.php (56)
in C:\xampp\htdocs\school\index.php (13)
2016/02/29 21:09:35 [trace] [system.db.CDbCommand] Querying SQL: SHOW FULL COLUMNS FROM `fee_label`
in C:\xampp\htdocs\school\protected\modules\school\controllers\FeelabelController.php (147)
in C:\xampp\htdocs\school\protected\modules\school\controllers\FeelabelController.php (56)
in C:\xampp\htdocs\school\index.php (13)
2016/02/29 21:09:35 [trace] [system.db.CDbCommand] Querying SQL: SHOW CREATE TABLE `fee_label`
in C:\xampp\htdocs\school\protected\modules\school\controllers\FeelabelController.php (147)
in C:\xampp\htdocs\school\protected\modules\school\controllers\FeelabelController.php (56)
in C:\xampp\htdocs\school\index.php (13)
2016/02/29 21:09:35 [trace] [system.db.CDbCommand] Querying SQL: SELECT * FROM `fee_label` `t` WHERE `t`.`id`='361718ac-752d-3460-34e3-56d4a50793e1' LIMIT 1
in C:\xampp\htdocs\school\protected\modules\school\controllers\FeelabelController.php (147)
in C:\xampp\htdocs\school\protected\modules\school\controllers\FeelabelController.php (56)
in C:\xampp\htdocs\school\index.php (13)
2016/02/29 21:09:35 [trace] [system.db.ar.CActiveRecord] Users.findByPk()
in C:\xampp\htdocs\school\themes\admin\views\layouts\school_main.php (67)
in C:\xampp\htdocs\school\themes\admin\views\layouts\school_column2.php (4)
in C:\xampp\htdocs\school\protected\modules\school\controllers\FeelabelController.php (57)
2016/02/29 21:09:35 [trace] [system.db.CDbCommand] Querying SQL: SHOW FULL COLUMNS FROM `users`
in C:\xampp\htdocs\school\themes\admin\views\layouts\school_main.php (67)
in C:\xampp\htdocs\school\themes\admin\views\layouts\school_column2.php (4)
in C:\xampp\htdocs\school\protected\modules\school\controllers\FeelabelController.php (57)
2016/02/29 21:09:35 [trace] [system.db.CDbCommand] Querying SQL: SHOW CREATE TABLE `users`
in C:\xampp\htdocs\school\themes\admin\views\layouts\school_main.php (67)
in C:\xampp\htdocs\school\themes\admin\views\layouts\school_column2.php (4)
in C:\xampp\htdocs\school\protected\modules\school\controllers\FeelabelController.php (57)
2016/02/29 21:09:35 [trace] [system.db.CDbCommand] Querying SQL: SELECT * FROM `users` `t` WHERE `t`.`id`='fb90b76a-ce8f-11e5-9093-3c07717072c4' LIMIT 1
in C:\xampp\htdocs\school\themes\admin\views\layouts\school_main.php (67)
in C:\xampp\htdocs\school\themes\admin\views\layouts\school_column2.php (4)
in C:\xampp\htdocs\school\protected\modules\school\controllers\FeelabelController.php (57)
2016/02/29 21:09:37 [trace] [system.db.CDbConnection] Opening DB connection
in C:\xampp\htdocs\school\protected\modules\school\controllers\FeelabelController.php (129)
in C:\xampp\htdocs\school\index.php (13)
2016/02/29 21:09:37 [trace] [system.db.CDbCommand] Querying SQL: SHOW FULL COLUMNS FROM `fee_label`
in C:\xampp\htdocs\school\protected\modules\school\controllers\FeelabelController.php (129)
in C:\xampp\htdocs\school\index.php (13)
2016/02/29 21:09:37 [trace] [system.db.CDbCommand] Querying SQL: SHOW CREATE TABLE `fee_label`
in C:\xampp\htdocs\school\protected\modules\school\controllers\FeelabelController.php (129)
in C:\xampp\htdocs\school\index.php (13)
2016/02/29 21:09:37 [trace] [system.db.ar.CActiveRecord] FeeLabel.count()
in C:\xampp\htdocs\school\protected\modules\school\views\feeLabel\admin.php (65)
in C:\xampp\htdocs\school\protected\modules\school\controllers\FeelabelController.php (136)
in C:\xampp\htdocs\school\index.php (13)
2016/02/29 21:09:37 [trace] [system.db.CDbCommand] Querying SQL: SELECT COUNT(*) FROM `fee_label` `t` WHERE school_id LIKE :ycp0
in C:\xampp\htdocs\school\protected\modules\school\views\feeLabel\admin.php (65)
in C:\xampp\htdocs\school\protected\modules\school\controllers\FeelabelController.php (136)
in C:\xampp\htdocs\school\index.php (13)
2016/02/29 21:09:37 [trace] [system.db.ar.CActiveRecord] FeeLabel.findAll()
in C:\xampp\htdocs\school\protected\modules\school\views\feeLabel\admin.php (65)
in C:\xampp\htdocs\school\protected\modules\school\controllers\FeelabelController.php (136)
in C:\xampp\htdocs\school\index.php (13)
2016/02/29 21:09:37 [trace] [system.db.CDbCommand] Querying SQL: SELECT * FROM `fee_label` `t` WHERE school_id LIKE :ycp0 LIMIT 10
in C:\xampp\htdocs\school\protected\modules\school\views\feeLabel\admin.php (65)
in C:\xampp\htdocs\school\protected\modules\school\controllers\FeelabelController.php (136)
in C:\xampp\htdocs\school\index.php (13)
2016/02/29 21:09:37 [trace] [system.db.ar.CActiveRecord] Users.findByPk()
in C:\xampp\htdocs\school\themes\admin\views\layouts\school_main.php (67)
in C:\xampp\htdocs\school\themes\admin\views\layouts\school_column2.php (4)
in C:\xampp\htdocs\school\protected\modules\school\controllers\FeelabelController.php (136)
2016/02/29 21:09:37 [trace] [system.db.CDbCommand] Querying SQL: SHOW FULL COLUMNS FROM `users`
in C:\xampp\htdocs\school\themes\admin\views\layouts\school_main.php (67)
in C:\xampp\htdocs\school\themes\admin\views\layouts\school_column2.php (4)
in C:\xampp\htdocs\school\protected\modules\school\controllers\FeelabelController.php (136)
2016/02/29 21:09:37 [trace] [system.db.CDbCommand] Querying SQL: SHOW CREATE TABLE `users`
in C:\xampp\htdocs\school\themes\admin\views\layouts\school_main.php (67)
in C:\xampp\htdocs\school\themes\admin\views\layouts\school_column2.php (4)
in C:\xampp\htdocs\school\protected\modules\school\controllers\FeelabelController.php (136)
2016/02/29 21:09:37 [trace] [system.db.CDbCommand] Querying SQL: SELECT * FROM `users` `t` WHERE `t`.`id`='fb90b76a-ce8f-11e5-9093-3c07717072c4' LIMIT 1
in C:\xampp\htdocs\school\themes\admin\views\layouts\school_main.php (67)
in C:\xampp\htdocs\school\themes\admin\views\layouts\school_column2.php (4)
in C:\xampp\htdocs\school\protected\modules\school\controllers\FeelabelController.php (136)
2016/02/29 21:09:45 [trace] [system.db.ar.CActiveRecord] Users.findByPk()
in C:\xampp\htdocs\school\themes\admin\views\layouts\school_main.php (67)
in C:\xampp\htdocs\school\themes\admin\views\layouts\school_column2.php (4)
in C:\xampp\htdocs\school\protected\modules\school\controllers\DashboardController.php (17)
2016/02/29 21:09:45 [trace] [system.db.CDbConnection] Opening DB connection
in C:\xampp\htdocs\school\themes\admin\views\layouts\school_main.php (67)
in C:\xampp\htdocs\school\themes\admin\views\layouts\school_column2.php (4)
in C:\xampp\htdocs\school\protected\modules\school\controllers\DashboardController.php (17)
2016/02/29 21:09:45 [trace] [system.db.CDbCommand] Querying SQL: SHOW FULL COLUMNS FROM `users`
in C:\xampp\htdocs\school\themes\admin\views\layouts\school_main.php (67)
in C:\xampp\htdocs\school\themes\admin\views\layouts\school_column2.php (4)
in C:\xampp\htdocs\school\protected\modules\school\controllers\DashboardController.php (17)
2016/02/29 21:09:45 [trace] [system.db.CDbCommand] Querying SQL: SHOW CREATE TABLE `users`
in C:\xampp\htdocs\school\themes\admin\views\layouts\school_main.php (67)
in C:\xampp\htdocs\school\themes\admin\views\layouts\school_column2.php (4)
in C:\xampp\htdocs\school\protected\modules\school\controllers\DashboardController.php (17)
2016/02/29 21:09:45 [trace] [system.db.CDbCommand] Querying SQL: SELECT * FROM `users` `t` WHERE `t`.`id`='fb90b76a-ce8f-11e5-9093-3c07717072c4' LIMIT 1
in C:\xampp\htdocs\school\themes\admin\views\layouts\school_main.php (67)
in C:\xampp\htdocs\school\themes\admin\views\layouts\school_column2.php (4)
in C:\xampp\htdocs\school\protected\modules\school\controllers\DashboardController.php (17)
